<?xml version="1.0" encoding="UTF-8" ?>
<testsuites>
<testsuite name="express-hateoas-links" errors="0" tests="4" failures="0" time="0.072" timestamp="2019-01-10T15:51:00">
  <testcase classname="express-hateoas-links" name="should append HATEOAS links to json response" time="0.035"></testcase>
  <testcase classname="express-hateoas-links" name="should append HATEOAS links to existing .links collection" time="0.013"></testcase>
  <testcase classname="express-hateoas-links" name="should not append HATEOAS links property" time="0.012"></testcase>
  <testcase classname="express-hateoas-links" name="should not append HATEOAS links property if disableHATEOAS=false" time="0.011"></testcase>
</testsuite>
</testsuites>